This is cutadapt 5.2 with Python 3.13.14
Command line parameters: -q 20 -m 70 -a AGATCGGAAGAGCACACGTCTGAACTCCAGTCA -o data/trimmed/MoPh7_R1.trimmed.fastq.gz -p data/trimmed/MoPh7_R2.trimmed.fastq.gz data/raw/MoPh7_R1.fastq.gz data/raw/MoPh7_R2.fastq.gz
Processing paired-end reads on 1 core ...

=== Summary ===

Total read pairs processed:             38,490
  Read 1 with adapter:                  21,317 (55.4%)

== Read fate breakdown ==
Pairs that were too short:               6,375 (16.6%)
Pairs written (passing filters):        32,115 (83.4%)

Total basepairs processed:    11,623,980 bp
  Read 1:     5,811,990 bp
  Read 2:     5,811,990 bp
Quality-trimmed:                 260,836 bp (2.2%)
  Read 1:        78,302 bp
  Read 2:       182,534 bp
Total written (filtered):      8,904,941 bp (76.6%)
  Read 1:     4,117,057 bp
  Read 2:     4,787,884 bp

=== First read: Adapter 1 ===

Sequence: AGATCGGAAGAGCACACGTCTGAACTCCAGTCA; Type: regular 3'; Length: 33; Trimmed: 21317 times

Minimum overlap: 3
No. of allowed errors:
1-9 bp: 0; 10-19 bp: 1; 20-29 bp: 2; 30-33 bp: 3

Bases preceding removed adapters:
  A: 21.6%
  C: 33.8%
  G: 23.9%
  T: 19.7%
  none/other: 1.1%

Overview of removed sequences
length	count	expect	max.err	error counts
3	356	601.4	0	356
4	189	150.4	0	189
5	131	37.6	0	131
6	112	9.4	0	112
7	149	2.3	0	149
8	81	0.6	0	81
9	138	0.1	0	138
10	99	0.0	1	94 5
11	67	0.0	1	56 11
12	140	0.0	1	129 11
13	114	0.0	1	108 6
14	137	0.0	1	125 12
15	128	0.0	1	120 8
16	82	0.0	1	77 5
17	144	0.0	1	131 13
18	139	0.0	1	128 11
19	68	0.0	1	64 3 1
20	162	0.0	2	150 9 3
21	98	0.0	2	86 11 1
22	134	0.0	2	126 7 1
23	87	0.0	2	82 4 1
24	153	0.0	2	139 12 2
25	198	0.0	2	183 14 1
26	94	0.0	2	82 11 1
27	152	0.0	2	141 7 4
28	196	0.0	2	178 13 5
29	105	0.0	2	87 15 3
30	177	0.0	3	157 15 3 2
31	121	0.0	3	100 18 1 2
32	192	0.0	3	169 20 3
33	146	0.0	3	132 11 2 1
34	177	0.0	3	155 21 1
35	136	0.0	3	122 12 2
36	157	0.0	3	137 17 3
37	222	0.0	3	202 14 4 2
38	126	0.0	3	106 18 1 1
39	165	0.0	3	149 14 1 1
40	174	0.0	3	148 24 1 1
41	179	0.0	3	160 16 2 1
42	208	0.0	3	184 18 5 1
43	348	0.0	3	317 26 3 2
44	242	0.0	3	218 22 2
45	73	0.0	3	60 12 1
46	134	0.0	3	123 11
47	239	0.0	3	215 24
48	191	0.0	3	171 19 1
49	165	0.0	3	138 22 4 1
50	232	0.0	3	216 16
51	214	0.0	3	189 23 2
52	187	0.0	3	167 18 2
53	203	0.0	3	178 21 3 1
54	293	0.0	3	265 27 1
55	353	0.0	3	327 23 3
56	94	0.0	3	60 31 3
57	299	0.0	3	274 19 5 1
58	160	0.0	3	129 29 1 1
59	353	0.0	3	325 27 0 1
60	227	0.0	3	199 25 3
61	276	0.0	3	255 19 2
62	143	0.0	3	128 15
63	224	0.0	3	200 21 3
64	220	0.0	3	187 31 2
65	353	0.0	3	328 20 4 1
66	332	0.0	3	296 30 6
67	112	0.0	3	84 25 2 1
68	261	0.0	3	240 17 3 1
69	254	0.0	3	224 24 5 1
70	269	0.0	3	232 35 1 1
71	289	0.0	3	260 19 8 2
72	267	0.0	3	244 20 2 1
73	291	0.0	3	261 28 0 2
74	285	0.0	3	256 25 4
75	436	0.0	3	380 45 10 1
76	684	0.0	3	615 60 9
77	918	0.0	3	812 99 6 1
78	814	0.0	3	729 77 7 1
79	606	0.0	3	538 61 7
80	449	0.0	3	386 51 10 2
81	333	0.0	3	291 39 3
82	276	0.0	3	240 33 3
83	258	0.0	3	231 24 2 1
84	224	0.0	3	197 22 5
85	202	0.0	3	186 12 3 1
86	159	0.0	3	150 7 2
87	176	0.0	3	151 23 2
88	149	0.0	3	135 12 0 2
89	128	0.0	3	118 8 1 1
90	136	0.0	3	119 15 1 1
91	140	0.0	3	124 15 1
92	123	0.0	3	111 12
93	115	0.0	3	104 11
94	110	0.0	3	102 7 1
95	106	0.0	3	92 11 3
96	102	0.0	3	93 8 1
97	107	0.0	3	93 14
98	92	0.0	3	83 7 2
99	87	0.0	3	75 11 1
100	73	0.0	3	62 11
101	80	0.0	3	72 8
102	71	0.0	3	62 8 1
103	62	0.0	3	54 8
104	65	0.0	3	58 6 1
105	64	0.0	3	55 8 1
106	64	0.0	3	57 7
107	45	0.0	3	42 3
108	42	0.0	3	40 2
109	38	0.0	3	33 5
110	41	0.0	3	35 6
111	39	0.0	3	33 6
112	32	0.0	3	29 3
113	24	0.0	3	19 5
114	22	0.0	3	19 3
115	22	0.0	3	16 4 2
116	7	0.0	3	7
117	12	0.0	3	10 2
118	9	0.0	3	8 1
119	7	0.0	3	5 2
120	9	0.0	3	5 3 1
121	4	0.0	3	3 1
122	7	0.0	3	4 3
124	2	0.0	3	0 0 2
125	1	0.0	3	1
126	2	0.0	3	0 2
128	1	0.0	3	0 1
130	4	0.0	3	1 1 1 1
132	1	0.0	3	1
133	1	0.0	3	0 1
134	1	0.0	3	1
135	3	0.0	3	1 1 1
136	1	0.0	3	1
139	2	0.0	3	1 1
140	1	0.0	3	0 1
142	1	0.0	3	1
143	1	0.0	3	0 1
144	2	0.0	3	0 2
145	2	0.0	3	0 1 1
146	1	0.0	3	1
147	3	0.0	3	0 3
148	4	0.0	3	0 4
149	12	0.0	3	0 11 0 1
150	33	0.0	3	0 32 1
151	53	0.0	3	0 49 4
