This is cutadapt 5.2 with Python 3.13.14
Command line parameters: -q 20 -m 70 -a AGATCGGAAGAGCACACGTCTGAACTCCAGTCA -o data/trimmed/MoPh11_R1.trimmed.fastq.gz -p data/trimmed/MoPh11_R2.trimmed.fastq.gz data/raw/MoPh11_R1.fastq.gz data/raw/MoPh11_R2.fastq.gz
Processing paired-end reads on 1 core ...

=== Summary ===

Total read pairs processed:             38,840
  Read 1 with adapter:                  20,358 (52.4%)

== Read fate breakdown ==
Pairs that were too short:               6,807 (17.5%)
Pairs written (passing filters):        32,033 (82.5%)

Total basepairs processed:    11,729,680 bp
  Read 1:     5,864,840 bp
  Read 2:     5,864,840 bp
Quality-trimmed:                 386,521 bp (3.3%)
  Read 1:        90,266 bp
  Read 2:       296,255 bp
Total written (filtered):      8,907,698 bp (75.9%)
  Read 1:     4,168,351 bp
  Read 2:     4,739,347 bp

=== First read: Adapter 1 ===

Sequence: AGATCGGAAGAGCACACGTCTGAACTCCAGTCA; Type: regular 3'; Length: 33; Trimmed: 20358 times

Minimum overlap: 3
No. of allowed errors:
1-9 bp: 0; 10-19 bp: 1; 20-29 bp: 2; 30-33 bp: 3

Bases preceding removed adapters:
  A: 20.9%
  C: 34.5%
  G: 23.1%
  T: 19.3%
  none/other: 2.1%

Overview of removed sequences
length	count	expect	max.err	error counts
3	429	606.9	0	429
4	144	151.7	0	144
5	134	37.9	0	134
6	91	9.5	0	91
7	160	2.4	0	160
8	56	0.6	0	56
9	151	0.1	0	150 1
10	99	0.0	1	94 5
11	79	0.0	1	77 2
12	114	0.0	1	108 6
13	94	0.0	1	91 3
14	91	0.0	1	87 4
15	114	0.0	1	109 5
16	95	0.0	1	88 7
17	136	0.0	1	128 8
18	141	0.0	1	137 4
19	68	0.0	1	59 9
20	155	0.0	2	147 7 1
21	69	0.0	2	63 5 1
22	138	0.0	2	132 6
23	98	0.0	2	90 8
24	127	0.0	2	116 11
25	147	0.0	2	135 12
26	79	0.0	2	71 7 1
27	113	0.0	2	108 5
28	182	0.0	2	167 14 1
29	113	0.0	2	102 8 3
30	174	0.0	3	160 11 2 1
31	101	0.0	3	85 15 1
32	151	0.0	3	137 11 2 1
33	110	0.0	3	103 5 0 2
34	125	0.0	3	117 6 1 1
35	139	0.0	3	128 7 4
36	195	0.0	3	174 15 3 3
37	95	0.0	3	84 11
38	146	0.0	3	131 10 4 1
39	154	0.0	3	136 14 1 3
40	142	0.0	3	130 9 2 1
41	152	0.0	3	135 14 3
42	203	0.0	3	184 15 3 1
43	251	0.0	3	227 21 3
44	178	0.0	3	161 16 1
45	130	0.0	3	117 10 0 3
46	137	0.0	3	123 10 2 2
47	212	0.0	3	190 17 1 4
48	184	0.0	3	165 17 2
49	162	0.0	3	143 18 1
50	173	0.0	3	159 11 3
51	198	0.0	3	178 18 2
52	178	0.0	3	161 13 3 1
53	173	0.0	3	163 10
54	249	0.0	3	223 23 2 1
55	311	0.0	3	296 13 2
56	57	0.0	3	41 12 4
57	255	0.0	3	240 10 4 1
58	147	0.0	3	130 17
59	321	0.0	3	302 18 0 1
60	178	0.0	3	159 18 0 1
61	249	0.0	3	235 11 2 1
62	157	0.0	3	140 17
63	234	0.0	3	220 9 5
64	173	0.0	3	155 14 4
65	312	0.0	3	293 15 2 2
66	268	0.0	3	249 19
67	99	0.0	3	88 11
68	224	0.0	3	210 10 2 2
69	231	0.0	3	212 16 2 1
70	265	0.0	3	239 23 2 1
71	251	0.0	3	232 17 2
72	278	0.0	3	251 21 4 2
73	279	0.0	3	245 28 2 4
74	316	0.0	3	285 26 2 3
75	446	0.0	3	400 42 4
76	743	0.0	3	681 54 7 1
77	886	0.0	3	791 90 3 2
78	884	0.0	3	811 70 3
79	700	0.0	3	635 62 3
80	497	0.0	3	440 50 5 2
81	368	0.0	3	321 40 5 2
82	269	0.0	3	239 28 2
83	216	0.0	3	194 17 3 2
84	191	0.0	3	160 30 1
85	174	0.0	3	159 15
86	163	0.0	3	141 19 2 1
87	173	0.0	3	154 18 1
88	133	0.0	3	123 9 1
89	141	0.0	3	125 16
90	137	0.0	3	126 10 0 1
91	119	0.0	3	108 10 1
92	133	0.0	3	119 10 4
93	120	0.0	3	109 9 2
94	104	0.0	3	96 7 1
95	111	0.0	3	103 8
96	115	0.0	3	100 12 1 2
97	93	0.0	3	79 13 1
98	99	0.0	3	89 6 4
99	97	0.0	3	93 4
100	74	0.0	3	69 4 0 1
101	73	0.0	3	66 6 0 1
102	72	0.0	3	61 9 2
103	75	0.0	3	68 7
104	52	0.0	3	49 1 1 1
105	59	0.0	3	50 9
106	58	0.0	3	50 7 0 1
107	50	0.0	3	43 6 1
108	50	0.0	3	45 3 2
109	63	0.0	3	55 6 2
110	42	0.0	3	40 1 1
111	37	0.0	3	31 6
112	27	0.0	3	21 5 1
113	19	0.0	3	15 4
114	22	0.0	3	19 3
115	16	0.0	3	15 1
116	15	0.0	3	14 1
117	14	0.0	3	12 2
118	13	0.0	3	12 1
119	5	0.0	3	4 1
120	9	0.0	3	5 4
121	2	0.0	3	2
122	3	0.0	3	2 1
123	3	0.0	3	1 2
124	4	0.0	3	1 3
125	2	0.0	3	1 1
126	1	0.0	3	0 1
129	1	0.0	3	0 1
130	2	0.0	3	0 2
132	5	0.0	3	0 5
133	4	0.0	3	0 3 1
134	1	0.0	3	0 1
135	1	0.0	3	0 1
136	3	0.0	3	1 2
137	2	0.0	3	0 2
138	2	0.0	3	1 1
139	1	0.0	3	0 1
140	1	0.0	3	0 1
141	3	0.0	3	1 2
142	4	0.0	3	2 2
143	6	0.0	3	0 6
144	4	0.0	3	0 4
145	5	0.0	3	0 5
146	4	0.0	3	1 3
147	9	0.0	3	0 9
148	7	0.0	3	0 7
149	22	0.0	3	0 22
150	54	0.0	3	0 51 1 2
151	111	0.0	3	0 106 5
