This is cutadapt 5.2 with Python 3.13.14
Command line parameters: -q 20 -m 70 -a AGATCGGAAGAGCACACGTCTGAACTCCAGTCA -o data/trimmed/MoPh15_R1.trimmed.fastq.gz -p data/trimmed/MoPh15_R2.trimmed.fastq.gz data/raw/MoPh15_R1.fastq.gz data/raw/MoPh15_R2.fastq.gz
Processing paired-end reads on 1 core ...

=== Summary ===

Total read pairs processed:             25,937
  Read 1 with adapter:                  11,366 (43.8%)

== Read fate breakdown ==
Pairs that were too short:               3,174 (12.2%)
Pairs written (passing filters):        22,763 (87.8%)

Total basepairs processed:     7,832,974 bp
  Read 1:     3,916,487 bp
  Read 2:     3,916,487 bp
Quality-trimmed:                 171,189 bp (2.2%)
  Read 1:        47,651 bp
  Read 2:       123,538 bp
Total written (filtered):      6,443,972 bp (82.3%)
  Read 1:     3,052,617 bp
  Read 2:     3,391,355 bp

=== First read: Adapter 1 ===

Sequence: AGATCGGAAGAGCACACGTCTGAACTCCAGTCA; Type: regular 3'; Length: 33; Trimmed: 11366 times

Minimum overlap: 3
No. of allowed errors:
1-9 bp: 0; 10-19 bp: 1; 20-29 bp: 2; 30-33 bp: 3

Bases preceding removed adapters:
  A: 21.9%
  C: 34.1%
  G: 22.5%
  T: 19.5%
  none/other: 2.0%

Overview of removed sequences
length	count	expect	max.err	error counts
3	291	405.3	0	291
4	116	101.3	0	116
5	70	25.3	0	70
6	75	6.3	0	75
7	80	1.6	0	80
8	38	0.4	0	38
9	101	0.1	0	101
10	51	0.0	1	48 3
11	59	0.0	1	55 4
12	74	0.0	1	73 1
13	71	0.0	1	69 2
14	86	0.0	1	84 2
15	75	0.0	1	71 4
16	70	0.0	1	65 5
17	99	0.0	1	93 6
18	91	0.0	1	90 1
19	48	0.0	1	44 4
20	107	0.0	2	103 4
21	48	0.0	2	43 5
22	80	0.0	2	73 7
23	59	0.0	2	54 5
24	90	0.0	2	82 7 1
25	114	0.0	2	104 8 2
26	47	0.0	2	39 8
27	88	0.0	2	83 3 2
28	105	0.0	2	97 7 1
29	87	0.0	2	79 7 0 1
30	101	0.0	3	91 8 2
31	87	0.0	3	78 7 2
32	137	0.0	3	128 9
33	54	0.0	3	44 8 2
34	119	0.0	3	104 12 2 1
35	144	0.0	3	136 8
36	35	0.0	3	27 6 2
37	95	0.0	3	86 8 0 1
38	150	0.0	3	130 19 1
39	79	0.0	3	63 16
40	92	0.0	3	83 9
41	151	0.0	3	134 15 2
42	69	0.0	3	60 7 2
43	163	0.0	3	146 13 3 1
44	116	0.0	3	102 13 1
45	78	0.0	3	69 7 2
46	58	0.0	3	53 5
47	135	0.0	3	120 13 2
48	118	0.0	3	103 13 1 1
49	98	0.0	3	85 13
50	135	0.0	3	120 14 1
51	112	0.0	3	96 13 3
52	104	0.0	3	97 7
53	96	0.0	3	87 9
54	164	0.0	3	151 12 1
55	174	0.0	3	162 10 2
56	38	0.0	3	27 10 1
57	162	0.0	3	153 8 0 1
58	69	0.0	3	60 9
59	174	0.0	3	163 9 2
60	121	0.0	3	105 12 4
61	147	0.0	3	127 18 1 1
62	89	0.0	3	83 5 1
63	116	0.0	3	105 11
64	95	0.0	3	86 9
65	185	0.0	3	175 9 1
66	159	0.0	3	149 9 1
67	26	0.0	3	23 2 1
68	119	0.0	3	107 10 2
69	138	0.0	3	126 12
70	129	0.0	3	117 10 1 1
71	126	0.0	3	119 7
72	120	0.0	3	107 11 2
73	146	0.0	3	129 10 6 1
74	174	0.0	3	153 19 1 1
75	222	0.0	3	197 22 3
76	351	0.0	3	312 35 4
77	551	0.0	3	499 47 5
78	402	0.0	3	362 37 3
79	318	0.0	3	276 40 2
80	209	0.0	3	178 25 5 1
81	180	0.0	3	157 20 2 1
82	122	0.0	3	113 9
83	92	0.0	3	77 13 2
84	97	0.0	3	86 11
85	79	0.0	3	72 7
86	74	0.0	3	63 8 3
87	69	0.0	3	64 4 1
88	55	0.0	3	50 5
89	41	0.0	3	38 3
90	73	0.0	3	63 9 1
91	47	0.0	3	45 2
92	52	0.0	3	43 8 0 1
93	51	0.0	3	45 5 1
94	50	0.0	3	47 3
95	42	0.0	3	39 2 1
96	45	0.0	3	40 5
97	45	0.0	3	40 4 1
98	42	0.0	3	38 3 1
99	33	0.0	3	29 3 1
100	42	0.0	3	38 2 2
101	26	0.0	3	21 5
102	33	0.0	3	29 4
103	38	0.0	3	33 4 0 1
104	31	0.0	3	26 4 1
105	19	0.0	3	17 1 1
106	18	0.0	3	16 2
107	31	0.0	3	27 2 2
108	19	0.0	3	19
109	21	0.0	3	20 1
110	17	0.0	3	16 1
111	11	0.0	3	9 2
112	17	0.0	3	15 2
113	10	0.0	3	8 2
114	5	0.0	3	4 1
115	7	0.0	3	6 1
116	3	0.0	3	3
117	7	0.0	3	6 1
118	3	0.0	3	3
119	3	0.0	3	2 1
120	4	0.0	3	4
121	2	0.0	3	2
122	4	0.0	3	1 3
123	1	0.0	3	0 1
124	1	0.0	3	1
125	1	0.0	3	0 0 1
128	2	0.0	3	0 2
132	2	0.0	3	0 1 0 1
134	1	0.0	3	0 1
135	1	0.0	3	0 1
137	3	0.0	3	2 1
140	2	0.0	3	0 2
141	1	0.0	3	0 1
142	2	0.0	3	0 2
143	1	0.0	3	0 1
145	3	0.0	3	0 3
146	2	0.0	3	0 2
147	3	0.0	3	0 3
148	5	0.0	3	0 4 1
149	12	0.0	3	0 11 1
150	33	0.0	3	0 32 1
151	60	0.0	3	0 57 2 1
