This is cutadapt 5.2 with Python 3.13.14
Command line parameters: -q 20 -m 70 -a AGATCGGAAGAGCACACGTCTGAACTCCAGTCA -o data/trimmed/MoPh14_R1.trimmed.fastq.gz -p data/trimmed/MoPh14_R2.trimmed.fastq.gz data/raw/MoPh14_R1.fastq.gz data/raw/MoPh14_R2.fastq.gz
Processing paired-end reads on 1 core ...

=== Summary ===

Total read pairs processed:             40,092
  Read 1 with adapter:                  20,108 (50.2%)

== Read fate breakdown ==
Pairs that were too short:               7,172 (17.9%)
Pairs written (passing filters):        32,920 (82.1%)

Total basepairs processed:    12,107,784 bp
  Read 1:     6,053,892 bp
  Read 2:     6,053,892 bp
Quality-trimmed:                 282,978 bp (2.3%)
  Read 1:        92,339 bp
  Read 2:       190,639 bp
Total written (filtered):      9,241,345 bp (76.3%)
  Read 1:     4,330,050 bp
  Read 2:     4,911,295 bp

=== First read: Adapter 1 ===

Sequence: AGATCGGAAGAGCACACGTCTGAACTCCAGTCA; Type: regular 3'; Length: 33; Trimmed: 20108 times

Minimum overlap: 3
No. of allowed errors:
1-9 bp: 0; 10-19 bp: 1; 20-29 bp: 2; 30-33 bp: 3

Bases preceding removed adapters:
  A: 21.0%
  C: 36.3%
  G: 23.1%
  T: 18.8%
  none/other: 0.8%

Overview of removed sequences
length	count	expect	max.err	error counts
3	458	626.4	0	458
4	185	156.6	0	185
5	105	39.2	0	105
6	97	9.8	0	97
7	100	2.4	0	100
8	53	0.6	0	53
9	136	0.2	0	136
10	91	0.0	1	89 2
11	75	0.0	1	70 5
12	103	0.0	1	98 5
13	90	0.0	1	84 6
14	106	0.0	1	99 7
15	101	0.0	1	96 5
16	83	0.0	1	81 2
17	113	0.0	1	105 8
18	145	0.0	1	142 3
19	68	0.0	1	61 7
20	153	0.0	2	143 9 1
21	74	0.0	2	70 3 1
22	108	0.0	2	103 4 1
23	92	0.0	2	86 6
24	99	0.0	2	91 6 2
25	135	0.0	2	129 4 2
26	82	0.0	2	75 5 2
27	122	0.0	2	112 9 1
28	161	0.0	2	142 14 5
29	84	0.0	2	76 7 1
30	143	0.0	3	137 6
31	106	0.0	3	96 9 1
32	159	0.0	3	147 10 1 1
33	112	0.0	3	104 8
34	211	0.0	3	195 11 2 3
35	71	0.0	3	60 11
36	138	0.0	3	121 15 2
37	203	0.0	3	187 9 6 1
38	57	0.0	3	48 7 1 1
39	191	0.0	3	178 12 1
40	90	0.0	3	78 11 1
41	139	0.0	3	132 5 2
42	227	0.0	3	203 20 1 3
43	221	0.0	3	201 17 2 1
44	120	0.0	3	108 11 1
45	142	0.0	3	132 7 3
46	72	0.0	3	63 7 2
47	205	0.0	3	195 9 0 1
48	198	0.0	3	183 13 1 1
49	144	0.0	3	129 13 2
50	162	0.0	3	152 9 0 1
51	186	0.0	3	171 10 4 1
52	165	0.0	3	150 13 2
53	175	0.0	3	159 14 2
54	266	0.0	3	251 12 3
55	266	0.0	3	250 13 1 2
56	60	0.0	3	39 20 0 1
57	248	0.0	3	234 10 4
58	117	0.0	3	101 15 1
59	294	0.0	3	275 15 4
60	177	0.0	3	157 18 1 1
61	223	0.0	3	208 12 3
62	134	0.0	3	127 7
63	193	0.0	3	182 9 1 1
64	177	0.0	3	161 16
65	324	0.0	3	291 28 5
66	289	0.0	3	272 17
67	82	0.0	3	67 15
68	204	0.0	3	188 12 3 1
69	239	0.0	3	220 17 1 1
70	248	0.0	3	226 16 5 1
71	232	0.0	3	214 15 3
72	258	0.0	3	231 26 1
73	246	0.0	3	226 17 3
74	300	0.0	3	271 27 1 1
75	445	0.0	3	413 28 2 2
76	804	0.0	3	759 42 2 1
77	1060	0.0	3	987 66 6 1
78	977	0.0	3	905 66 6
79	705	0.0	3	643 56 4 2
80	527	0.0	3	483 43 1
81	341	0.0	3	298 40 2 1
82	283	0.0	3	258 24 1
83	222	0.0	3	193 25 4
84	228	0.0	3	209 17 1 1
85	152	0.0	3	141 11
86	181	0.0	3	167 12 2
87	137	0.0	3	128 8 1
88	149	0.0	3	136 10 3
89	134	0.0	3	128 6
90	114	0.0	3	101 11 2
91	112	0.0	3	101 9 2
92	126	0.0	3	116 9 1
93	125	0.0	3	115 10
94	129	0.0	3	116 11 1 1
95	114	0.0	3	105 6 2 1
96	109	0.0	3	103 4 1 1
97	112	0.0	3	104 7 1
98	130	0.0	3	119 10 1
99	107	0.0	3	99 5 2 1
100	93	0.0	3	83 9 1
101	78	0.0	3	65 11 0 2
102	87	0.0	3	83 4
103	77	0.0	3	68 9
104	90	0.0	3	85 5
105	80	0.0	3	73 5 1 1
106	70	0.0	3	64 6
107	66	0.0	3	59 3 3 1
108	62	0.0	3	55 7
109	49	0.0	3	41 6 2
110	37	0.0	3	31 5 1
111	40	0.0	3	37 3
112	43	0.0	3	40 3
113	29	0.0	3	26 3
114	39	0.0	3	34 5
115	22	0.0	3	21 1
116	25	0.0	3	23 2
117	18	0.0	3	18
118	16	0.0	3	14 2
119	6	0.0	3	4 2
120	7	0.0	3	6 1
121	3	0.0	3	1 2
122	5	0.0	3	5
123	1	0.0	3	0 0 0 1
124	3	0.0	3	3
125	1	0.0	3	0 1
126	1	0.0	3	1
127	1	0.0	3	1
128	1	0.0	3	1
129	2	0.0	3	2
130	2	0.0	3	0 2
131	2	0.0	3	2
132	2	0.0	3	1 1
133	1	0.0	3	0 1
135	3	0.0	3	1 2
137	2	0.0	3	1 1
138	1	0.0	3	0 1
140	1	0.0	3	0 1
141	3	0.0	3	1 2
142	1	0.0	3	1
145	2	0.0	3	0 2
146	1	0.0	3	0 1
148	2	0.0	3	0 2
149	7	0.0	3	0 7
150	24	0.0	3	0 22 1 1
151	46	0.0	3	0 45 1
