INFO:cooler.cli.balance:Balancing "data/MoPh11_enr_v2.mcool::/resolutions/10000"
INFO:cooler._balance:variance is 7769.759319738232
INFO:cooler._balance:variance is 1714.2518423530398
INFO:cooler._balance:variance is 617.8383660533956
INFO:cooler._balance:variance is 277.588006115419
INFO:cooler._balance:variance is 110.98452811892322
INFO:cooler._balance:variance is 51.420313678075125
INFO:cooler._balance:variance is 22.05973792179147
INFO:cooler._balance:variance is 10.367389014728264
INFO:cooler._balance:variance is 4.665683858791298
INFO:cooler._balance:variance is 2.218185296470702
INFO:cooler._balance:variance is 1.0312844612583187
INFO:cooler._balance:variance is 0.495687209355203
INFO:cooler._balance:variance is 0.23583347315495237
INFO:cooler._balance:variance is 0.11454118254531237
INFO:cooler._balance:variance is 0.055433606808975
INFO:cooler._balance:variance is 0.027184987032596357
INFO:cooler._balance:variance is 0.013329974815193109
INFO:cooler._balance:variance is 0.006594325958017294
INFO:cooler._balance:variance is 0.0032670702561089946
INFO:cooler._balance:variance is 0.0016286788370087509
INFO:cooler._balance:variance is 0.0008136518976720487
INFO:cooler._balance:variance is 0.00040833055266227834
INFO:cooler._balance:variance is 0.00020538747906523279
INFO:cooler._balance:variance is 0.00010366686712786721
INFO:cooler._balance:variance is 5.243904730007272e-05
INFO:cooler._balance:variance is 2.6598559054018738e-05
INFO:cooler._balance:variance is 1.351847796076709e-05
INFO:cooler._balance:variance is 6.885938360726274e-06
INFO:cooler.cli.balance:Balancing "data/MoPh11_enr_v2.mcool::/resolutions/100000"
INFO:cooler._balance:variance is 258906.87671192532
INFO:cooler._balance:variance is 53651.32808639901
INFO:cooler._balance:variance is 13512.20381368876
INFO:cooler._balance:variance is 4482.845263366826
INFO:cooler._balance:variance is 1356.1695503266847
INFO:cooler._balance:variance is 475.4379989619763
INFO:cooler._balance:variance is 159.054344796139
INFO:cooler._balance:variance is 57.342652887770335
INFO:cooler._balance:variance is 20.33953065667535
INFO:cooler._balance:variance is 7.4999501362777545
INFO:cooler._balance:variance is 2.759662032989906
INFO:cooler._balance:variance is 1.0373059679926429
INFO:cooler._balance:variance is 0.3911569861677477
INFO:cooler._balance:variance is 0.14937363937217613
INFO:cooler._balance:variance is 0.05730499974802533
INFO:cooler._balance:variance is 0.022163176265340936
INFO:cooler._balance:variance is 0.00861024273918809
INFO:cooler._balance:variance is 0.003363887217151235
INFO:cooler._balance:variance is 0.0013193604802281909
INFO:cooler._balance:variance is 0.0005196270326151551
INFO:cooler._balance:variance is 0.00020532764288648813
INFO:cooler._balance:variance is 8.139672958376091e-05
INFO:cooler._balance:variance is 3.235640729259797e-05
INFO:cooler._balance:variance is 1.289576046650279e-05
INFO:cooler._balance:variance is 5.151559840658613e-06
INFO:cooler.cli.balance:Balancing "data/MoPh11_enr_v2.mcool::/resolutions/1000000"
INFO:cooler._balance:variance is 10024981.16933998
INFO:cooler._balance:variance is 646946.7503579359
INFO:cooler._balance:variance is 75555.50870683597
INFO:cooler._balance:variance is 10951.932017163112
INFO:cooler._balance:variance is 1698.7679259930535
INFO:cooler._balance:variance is 284.41827698829667
INFO:cooler._balance:variance is 49.73454740134082
INFO:cooler._balance:variance is 9.064804193115496
INFO:cooler._balance:variance is 1.7056453472253374
INFO:cooler._balance:variance is 0.3302832304165672
INFO:cooler._balance:variance is 0.0655586123747551
INFO:cooler._balance:variance is 0.013303502709356912
INFO:cooler._balance:variance is 0.002752733823919342
INFO:cooler._balance:variance is 0.0005794468122119767
INFO:cooler._balance:variance is 0.0001238115173286854
INFO:cooler._balance:variance is 2.6799144049664946e-05
INFO:cooler._balance:variance is 5.86523068589236e-06
INFO:cooler.cli.balance:Balancing "data/MoPh14_enr_v2.mcool::/resolutions/10000"
INFO:cooler._balance:variance is 9675.447260582207
INFO:cooler._balance:variance is 1801.67653972112
INFO:cooler._balance:variance is 602.9215301480075
INFO:cooler._balance:variance is 247.28550534906384
INFO:cooler._balance:variance is 91.46970510983877
INFO:cooler._balance:variance is 38.75650886695683
INFO:cooler._balance:variance is 15.367380460363634
INFO:cooler._balance:variance is 6.595059978034536
INFO:cooler._balance:variance is 2.7358632511562613
INFO:cooler._balance:variance is 1.1878190855182666
INFO:cooler._balance:variance is 0.5080223096414579
INFO:cooler._balance:variance is 0.22323328190359482
INFO:cooler._balance:variance is 0.09761022984204198
INFO:cooler._balance:variance is 0.04340437238577899
INFO:cooler._balance:variance is 0.019301860069219447
INFO:cooler._balance:variance is 0.00867859900786054
INFO:cooler._balance:variance is 0.003910919290168246
INFO:cooler._balance:variance is 0.0017758623834854181
INFO:cooler._balance:variance is 0.0008087910956112754
INFO:cooler._balance:variance is 0.00037037789517583994
INFO:cooler._balance:variance is 0.0001701224101467869
INFO:cooler._balance:variance is 7.846174477006969e-05
INFO:cooler._balance:variance is 3.628627033497869e-05
INFO:cooler._balance:variance is 1.6834221208927307e-05
INFO:cooler._balance:variance is 7.828350563366375e-06
INFO:cooler.cli.balance:Balancing "data/MoPh14_enr_v2.mcool::/resolutions/100000"
INFO:cooler._balance:variance is 340289.208129078
INFO:cooler._balance:variance is 54147.03734776973
INFO:cooler._balance:variance is 12495.757030253557
INFO:cooler._balance:variance is 3619.1564264152703
INFO:cooler._balance:variance is 989.1757571444525
INFO:cooler._balance:variance is 303.4331538284916
INFO:cooler._balance:variance is 90.97440969611496
INFO:cooler._balance:variance is 28.85696484744638
INFO:cooler._balance:variance is 9.140536318255474
INFO:cooler._balance:variance is 2.9838653168145397
INFO:cooler._balance:variance is 0.9800790019812599
INFO:cooler._balance:variance is 0.3276404596737016
INFO:cooler._balance:variance is 0.11034366903665485
INFO:cooler._balance:variance is 0.037573755787507435
INFO:cooler._balance:variance is 0.012877008653234994
INFO:cooler._balance:variance is 0.00444513315935448
INFO:cooler._balance:variance is 0.001542175823402175
INFO:cooler._balance:variance is 0.0005376755678725963
INFO:cooler._balance:variance is 0.00018816742861320452
INFO:cooler._balance:variance is 6.608078752160892e-05
INFO:cooler._balance:variance is 2.327194085538432e-05
INFO:cooler._balance:variance is 8.21656913052871e-06
INFO:cooler.cli.balance:Balancing "data/MoPh14_enr_v2.mcool::/resolutions/1000000"
INFO:cooler._balance:variance is 15734733.67377844
INFO:cooler._balance:variance is 847407.7364623656
INFO:cooler._balance:variance is 89001.00089403991
INFO:cooler._balance:variance is 11581.33055601076
INFO:cooler._balance:variance is 1615.2552302759088
INFO:cooler._balance:variance is 243.94413052946902
INFO:cooler._balance:variance is 38.45595682645798
INFO:cooler._balance:variance is 6.313222995410897
INFO:cooler._balance:variance is 1.0674928422402263
INFO:cooler._balance:variance is 0.1852584268988583
INFO:cooler._balance:variance is 0.03286418994620245
INFO:cooler._balance:variance is 0.005946274916793571
INFO:cooler._balance:variance is 0.0010953369147367405
INFO:cooler._balance:variance is 0.00020514323177160603
INFO:cooler._balance:variance is 3.90191167621625e-05
INFO:cooler._balance:variance is 7.529268378068141e-06
INFO:cooler.cli.balance:Balancing "data/MoPh15_enr_v2.mcool::/resolutions/10000"
INFO:cooler._balance:variance is 7498.307430496006
INFO:cooler._balance:variance is 1208.183418923121
INFO:cooler._balance:variance is 437.4718207373811
INFO:cooler._balance:variance is 188.3993598654157
INFO:cooler._balance:variance is 74.30794008039521
INFO:cooler._balance:variance is 33.85787174554385
INFO:cooler._balance:variance is 14.23298742380796
INFO:cooler._balance:variance is 6.613534229771852
INFO:cooler._balance:variance is 2.918862894524078
INFO:cooler._balance:variance is 1.3724256816228995
INFO:cooler._balance:variance is 0.6272383421493742
INFO:cooler._balance:variance is 0.2979746210852148
INFO:cooler._balance:variance is 0.13961627067236015
INFO:cooler._balance:variance is 0.0669741422954298
INFO:cooler._balance:variance is 0.0319502019775908
INFO:cooler._balance:variance is 0.015464523926644859
INFO:cooler._balance:variance is 0.007475702638685274
INFO:cooler._balance:variance is 0.0036472224120242588
INFO:cooler._balance:variance is 0.0017807268741945952
INFO:cooler._balance:variance is 0.0008747184653015749
INFO:cooler._balance:variance is 0.00043034194820409087
INFO:cooler._balance:variance is 0.00021260699879688963
INFO:cooler._balance:variance is 0.00010522198791686144
INFO:cooler._balance:variance is 5.223327521522728e-05
INFO:cooler._balance:variance is 2.597325826489907e-05
INFO:cooler._balance:variance is 1.2944680898822495e-05
INFO:cooler._balance:variance is 6.461340442309615e-06
INFO:cooler.cli.balance:Balancing "data/MoPh15_enr_v2.mcool::/resolutions/100000"
INFO:cooler._balance:variance is 221475.26693617005
INFO:cooler._balance:variance is 38136.112498587616
INFO:cooler._balance:variance is 9984.36846408934
INFO:cooler._balance:variance is 3054.9102632404793
INFO:cooler._balance:variance is 907.0807621562135
INFO:cooler._balance:variance is 297.47386296185215
INFO:cooler._balance:variance is 95.73513941675337
INFO:cooler._balance:variance is 32.60070354280796
INFO:cooler._balance:variance is 11.069382004001726
INFO:cooler._balance:variance is 3.8821738528825462
INFO:cooler._balance:variance is 1.3678200240464808
INFO:cooler._balance:variance is 0.4913516403616181
INFO:cooler._balance:variance is 0.17768919876202446
INFO:cooler._balance:variance is 0.06504723691846817
INFO:cooler._balance:variance is 0.02396385554970316
INFO:cooler._balance:variance is 0.008899969296178558
INFO:cooler._balance:variance is 0.00332280686345435
INFO:cooler._balance:variance is 0.0012474819430128496
INFO:cooler._balance:variance is 0.0004702749515732274
INFO:cooler._balance:variance is 0.00017798676142383242
INFO:cooler._balance:variance is 6.757669012809347e-05
INFO:cooler._balance:variance is 2.5731611286219636e-05
INFO:cooler._balance:variance is 9.82183223128486e-06
INFO:cooler.cli.balance:Balancing "data/MoPh15_enr_v2.mcool::/resolutions/1000000"
INFO:cooler._balance:variance is 8672341.41863162
INFO:cooler._balance:variance is 510616.5422464256
INFO:cooler._balance:variance is 54213.64626754084
INFO:cooler._balance:variance is 6729.112399191329
INFO:cooler._balance:variance is 908.9985043968612
INFO:cooler._balance:variance is 133.45848551797516
INFO:cooler._balance:variance is 20.894334305167515
INFO:cooler._balance:variance is 3.471650359667678
INFO:cooler._balance:variance is 0.6062233653050474
INFO:cooler._balance:variance is 0.11035635332723473
INFO:cooler._balance:variance is 0.020777431773958837
INFO:cooler._balance:variance is 0.004017325816276649
INFO:cooler._balance:variance is 0.0007930695449371119
INFO:cooler._balance:variance is 0.00015908835417432606
INFO:cooler._balance:variance is 3.2308506765247146e-05
INFO:cooler._balance:variance is 6.623645519741776e-06
Balancing data/MoPh7_enr_v2.mcool...
  data/MoPh7_enr_v2.mcool::/resolutions/10000 already balanced. Skipping.
  data/MoPh7_enr_v2.mcool::/resolutions/100000 already balanced. Skipping.
  data/MoPh7_enr_v2.mcool::/resolutions/1000000 already balanced. Skipping.
Converting data/MoPh11_enr_v2.hic to data/MoPh11_enr_v2.mcool...
##########################
### hic2cool / convert ###
##########################
### Header info from hic
... Chromosomes:  ['ALL', '1', '2', '3', '4', '5', '6', '7', '8', '9', '10', '11', '12', '13', '14', '15', '16', '17', '18', '19', '20', '21', '22', 'X', 'Y']
... Resolutions:  [2500000, 1000000, 500000, 250000, 100000, 50000, 25000, 10000, 5000]
... Normalizations:  ['VC', 'VC_SQRT', 'KR']
... Genome:  /data/ddpanchenko/main_dom/hybrid_anopheles_human/hic_analysis/all_enrichments_on_t2t_genome/Merged_samples_27102025/chrom.filtered.no_2L_2R_3L_3R_Xmos_plm.sizes
### Converting
... Resolution 2500000 took: 0.8327317237854004 seconds.
... Resolution 1000000 took: 4.084053039550781 seconds.
... Resolution 500000 took: 8.95523715019226 seconds.
... Resolution 250000 took: 12.578363180160522 seconds.
... Resolution 100000 took: 16.267572164535522 seconds.
... Resolution 50000 took: 19.330246925354004 seconds.
... Resolution 25000 took: 24.014932870864868 seconds.
... Resolution 10000 took: 32.37802791595459 seconds.
... Resolution 5000 took: 39.92501878738403 seconds.
### Finished! Output written to: data/MoPh11_enr_v2.mcool
... This file is higlass compatible.
Balancing data/MoPh11_enr_v2.mcool...
  Balancing data/MoPh11_enr_v2.mcool::/resolutions/10000
  Balancing data/MoPh11_enr_v2.mcool::/resolutions/100000
  Balancing data/MoPh11_enr_v2.mcool::/resolutions/1000000
Converting data/MoPh14_enr_v2.hic to data/MoPh14_enr_v2.mcool...
##########################
### hic2cool / convert ###
##########################
### Header info from hic
... Chromosomes:  ['ALL', '1', '2', '3', '4', '5', '6', '7', '8', '9', '10', '11', '12', '13', '14', '15', '16', '17', '18', '19', '20', '21', '22', 'X', 'Y']
... Resolutions:  [2500000, 1000000, 500000, 250000, 100000, 50000, 25000, 10000, 5000]
... Normalizations:  ['VC', 'VC_SQRT', 'KR']
... Genome:  /data/ddpanchenko/main_dom/hybrid_anopheles_human/hic_analysis/all_enrichments_on_t2t_genome/Merged_samples_27102025/chrom.filtered.no_2L_2R_3L_3R_Xmos_plm.sizes
### Converting
... Resolution 2500000 took: 0.8366248607635498 seconds.
... Resolution 1000000 took: 4.155481815338135 seconds.
... Resolution 500000 took: 9.306154012680054 seconds.
... Resolution 250000 took: 13.441184043884277 seconds.
... Resolution 100000 took: 17.680870056152344 seconds.
... Resolution 50000 took: 20.82900905609131 seconds.
... Resolution 25000 took: 25.12618613243103 seconds.
... Resolution 10000 took: 32.42728877067566 seconds.
... Resolution 5000 took: 39.5043420791626 seconds.
### Finished! Output written to: data/MoPh14_enr_v2.mcool
... This file is higlass compatible.
Balancing data/MoPh14_enr_v2.mcool...
  Balancing data/MoPh14_enr_v2.mcool::/resolutions/10000
  Balancing data/MoPh14_enr_v2.mcool::/resolutions/100000
  Balancing data/MoPh14_enr_v2.mcool::/resolutions/1000000
Converting data/MoPh15_enr_v2.hic to data/MoPh15_enr_v2.mcool...
##########################
### hic2cool / convert ###
##########################
### Header info from hic
... Chromosomes:  ['ALL', '1', '2', '3', '4', '5', '6', '7', '8', '9', '10', '11', '12', '13', '14', '15', '16', '17', '18', '19', '20', '21', '22', 'X', 'Y']
... Resolutions:  [2500000, 1000000, 500000, 250000, 100000, 50000, 25000, 10000, 5000]
... Normalizations:  ['VC', 'VC_SQRT', 'KR']
... Genome:  /data/ddpanchenko/main_dom/hybrid_anopheles_human/hic_analysis/all_enrichments_on_t2t_genome/Merged_samples_27102025/chrom.filtered.no_2L_2R_3L_3R_Xmos_plm.sizes
### Converting
... Resolution 2500000 took: 0.8388650417327881 seconds.
... Resolution 1000000 took: 4.0150299072265625 seconds.
... Resolution 500000 took: 8.420834064483643 seconds.
... Resolution 250000 took: 11.519176006317139 seconds.
... Resolution 100000 took: 14.821789026260376 seconds.
... Resolution 50000 took: 17.61428689956665 seconds.
... Resolution 25000 took: 21.88335680961609 seconds.
... Resolution 10000 took: 29.424829959869385 seconds.
... Resolution 5000 took: 35.73212289810181 seconds.
### Finished! Output written to: data/MoPh15_enr_v2.mcool
... This file is higlass compatible.
Balancing data/MoPh15_enr_v2.mcool...
  Balancing data/MoPh15_enr_v2.mcool::/resolutions/10000
  Balancing data/MoPh15_enr_v2.mcool::/resolutions/100000
  Balancing data/MoPh15_enr_v2.mcool::/resolutions/1000000
All conversions and balancing done!
